<?xml version="1.0" encoding="UTF-8"?>
<!-- Generated by org.testng.reporters.JUnitReportReporter -->
<testsuite skipped="0" hostname="DESKTOP-GMVM8EO" name="iLAB_WEBSITE.ExcelDrivenJobApplicatonTest" tests="1" failures="0" timestamp="2020-02-17T17:15:41 CAT" time="41.567" errors="0">
  <testcase name="applyJobOnline" time="41.567" classname="iLAB_WEBSITE.ExcelDrivenJobApplicatonTest"/>
</testsuite> <!-- iLAB_WEBSITE.ExcelDrivenJobApplicatonTest -->
