<?xml version="1.0" encoding="UTF-8"?>
<!-- Generated by org.testng.reporters.JUnitReportReporter -->
<testsuite skipped="0" hostname="DESKTOP-GMVM8EO" name="iLAB_WEBSITE.ParameterisedJobApplicationTest" tests="3" failures="0" timestamp="2020-02-17T17:36:54 CAT" time="288.118" errors="0">
  <testcase name="iLabJobApplication" time="39.832" classname="iLAB_WEBSITE.ParameterisedJobApplicationTest"/>
  <testcase name="iLabJobApplication" time="209.976" classname="iLAB_WEBSITE.ParameterisedJobApplicationTest"/>
  <testcase name="iLabJobApplication" time="38.310" classname="iLAB_WEBSITE.ParameterisedJobApplicationTest"/>
</testsuite> <!-- iLAB_WEBSITE.ParameterisedJobApplicationTest -->
