<?xml version="1.0" encoding="UTF-8"?>
<!-- Generated by org.testng.reporters.JUnitReportReporter -->
<testsuite skipped="0" hostname="DESKTOP-GMVM8EO" name="iLAB_WEBSITE.OnlineJobApplicationTest" tests="1" failures="0" timestamp="2020-02-17T13:35:19 CAT" time="38.930" errors="0">
  <testcase name="applyJobOnline" time="38.930" classname="iLAB_WEBSITE.OnlineJobApplicationTest"/>
</testsuite> <!-- iLAB_WEBSITE.OnlineJobApplicationTest -->
