<?xml version="1.0" encoding="UTF-8"?>
<!-- Generated by org.testng.reporters.JUnitReportReporter -->
<testsuite name="iLAB_WEBSITE.ParameterisedJobApplicationTest" tests="3" time="0.002" ignored="0" failures="0" timestamp="17 Feb 2020 17:08:08 GMT" skipped="3" hostname="DESKTOP-GMVM8EO" errors="0">
  <testcase name="iLabJobApplication" time="0.000" classname="iLAB_WEBSITE.ParameterisedJobApplicationTest">
    <skipped/>
  </testcase> <!-- iLabJobApplication -->
  <testcase name="iLabJobApplication" time="0.001" classname="iLAB_WEBSITE.ParameterisedJobApplicationTest">
    <skipped/>
  </testcase> <!-- iLabJobApplication -->
  <testcase name="iLabJobApplication" time="0.001" classname="iLAB_WEBSITE.ParameterisedJobApplicationTest">
    <skipped/>
  </testcase> <!-- iLabJobApplication -->
</testsuite> <!-- iLAB_WEBSITE.ParameterisedJobApplicationTest -->
