<?xml version="1.0" encoding="UTF-8"?>
<!-- Generated by org.testng.reporters.JUnitReportReporter -->
<testsuite name="iLAB_WEBSITE.OnlineJobApplicationTest" tests="1" time="0.000" ignored="0" failures="0" timestamp="17 Feb 2020 17:08:08 GMT" skipped="1" hostname="DESKTOP-GMVM8EO" errors="0">
  <testcase name="applyJobOnline" time="0.000" classname="iLAB_WEBSITE.OnlineJobApplicationTest">
    <skipped/>
  </testcase> <!-- applyJobOnline -->
</testsuite> <!-- iLAB_WEBSITE.OnlineJobApplicationTest -->
